<?xml version="1.0" encoding="UTF-8"?>
<!-- Generated by org.testng.reporters.JUnitReportReporter -->
<testsuite hostname="hp-PC" name="dcaCmsTests.NPI_SortBySyncDate" tests="1" failures="0" timestamp="24 Jan 2017 18:28:44 GMT" time="40.850" errors="0">
  <testcase name="sortBySyncDate" time="40.850" classname="dcaCmsTests.NPI_SortBySyncDate"/>
</testsuite> <!-- dcaCmsTests.NPI_SortBySyncDate -->
