<?xml version="1.0" encoding="UTF-8"?>
<!-- Generated by org.testng.reporters.JUnitReportReporter -->
<testsuite hostname="hp-PC" name="dcaCmsTests.NPI_Tab" tests="1" failures="0" timestamp="24 Jan 2017 18:28:44 GMT" time="32.987" errors="0">
  <testcase name="NPI_TabClick" time="32.987" classname="dcaCmsTests.NPI_Tab"/>
</testsuite> <!-- dcaCmsTests.NPI_Tab -->
