<?xml version="1.0" encoding="UTF-8"?>
<!-- Generated by org.testng.reporters.JUnitReportReporter -->
<testsuite hostname="hp-PC" name="dcaCmsTests.NPI_NextButton" tests="1" failures="0" timestamp="24 Jan 2017 18:28:44 GMT" time="53.927" errors="0">
  <testcase name="nextButton" time="53.927" classname="dcaCmsTests.NPI_NextButton"/>
</testsuite> <!-- dcaCmsTests.NPI_NextButton -->
