<?xml version="1.0" encoding="UTF-8"?>
<!-- Generated by org.testng.reporters.JUnitReportReporter -->
<testsuite hostname="hp-PC" name="dcaCmsTests.NPI_SortByCountryPhotoSend" tests="1" failures="0" timestamp="24 Jan 2017 18:28:44 GMT" time="39.294" errors="0">
  <testcase name="sortByCountryPhotoSend" time="39.294" classname="dcaCmsTests.NPI_SortByCountryPhotoSend"/>
</testsuite> <!-- dcaCmsTests.NPI_SortByCountryPhotoSend -->
