<?xml version="1.0" encoding="UTF-8"?>
<!-- Generated by org.testng.reporters.JUnitReportReporter -->
<testsuite hostname="hp-PC" name="dcaCmsTests.NPI_SearchById" tests="1" failures="0" timestamp="24 Jan 2017 18:28:44 GMT" time="40.279" errors="0">
  <testcase name="searchById" time="40.279" classname="dcaCmsTests.NPI_SearchById"/>
</testsuite> <!-- dcaCmsTests.NPI_SearchById -->
