<?xml version="1.0" encoding="UTF-8"?>
<!-- Generated by org.testng.reporters.JUnitReportReporter -->
<testsuite hostname="hp-PC" name="dcaCmsTests.CountryAlias_DeleteRow" tests="1" failures="0" timestamp="24 Jan 2017 18:28:44 GMT" time="49.561" errors="0">
  <testcase name="deleteRow" time="49.561" classname="dcaCmsTests.CountryAlias_DeleteRow"/>
</testsuite> <!-- dcaCmsTests.CountryAlias_DeleteRow -->
