<?xml version="1.0" encoding="UTF-8"?>
<!-- Generated by org.testng.reporters.JUnitReportReporter -->
<testsuite hostname="hp-PC" name="dcaCmsTests.NPI_SearchByCountryPhotoSend" tests="1" failures="0" timestamp="24 Jan 2017 18:28:44 GMT" time="40.119" errors="0">
  <testcase name="searchByCountryPhotoSend" time="40.119" classname="dcaCmsTests.NPI_SearchByCountryPhotoSend"/>
</testsuite> <!-- dcaCmsTests.NPI_SearchByCountryPhotoSend -->
