<?xml version="1.0" encoding="UTF-8"?>
<!-- Generated by org.testng.reporters.JUnitReportReporter -->
<testsuite hostname="hp-PC" name="dcaCmsTests.NPI_PreviousButton" tests="1" failures="0" timestamp="24 Jan 2017 18:28:44 GMT" time="59.924" errors="0">
  <testcase name="previousButton" time="59.924" classname="dcaCmsTests.NPI_PreviousButton"/>
</testsuite> <!-- dcaCmsTests.NPI_PreviousButton -->
