<?xml version="1.0" encoding="UTF-8"?>
<!-- Generated by org.testng.reporters.JUnitReportReporter -->
<testsuite hostname="hp-PC" name="dcaCmsTests.NPI_SortBYBarcode" tests="1" failures="0" timestamp="24 Jan 2017 18:28:44 GMT" time="45.291" errors="0">
  <testcase name="barcode" time="45.291" classname="dcaCmsTests.NPI_SortBYBarcode"/>
</testsuite> <!-- dcaCmsTests.NPI_SortBYBarcode -->
