<?xml version="1.0" encoding="UTF-8"?>
<!-- Generated by org.testng.reporters.JUnitReportReporter -->
<testsuite hostname="hp-PC" name="dcaCmsTests.CountryAlias_EditRow" tests="1" failures="0" timestamp="24 Jan 2017 18:28:44 GMT" time="55.938" errors="0">
  <testcase name="aditRowRow" time="55.938" classname="dcaCmsTests.CountryAlias_EditRow"/>
</testsuite> <!-- dcaCmsTests.CountryAlias_EditRow -->
