<?xml version="1.0" encoding="UTF-8"?>
<!-- Generated by org.testng.reporters.JUnitReportReporter -->
<testsuite hostname="hp-PC" name="dcaCmsTests.NPI_PageNumberButtonClick" tests="1" failures="0" timestamp="24 Jan 2017 18:28:44 GMT" time="56.238" errors="0">
  <testcase name="pageNumberButtonClick" time="56.238" classname="dcaCmsTests.NPI_PageNumberButtonClick"/>
</testsuite> <!-- dcaCmsTests.NPI_PageNumberButtonClick -->
