<?xml version="1.0" encoding="UTF-8"?>
<!-- Generated by org.testng.reporters.JUnitReportReporter -->
<testsuite hostname="hp-PC" name="dcaCmsTests.NPI_SortById" tests="1" failures="0" timestamp="24 Jan 2017 18:28:44 GMT" time="42.742" errors="0">
  <testcase name="sortById" time="42.742" classname="dcaCmsTests.NPI_SortById"/>
</testsuite> <!-- dcaCmsTests.NPI_SortById -->
