<?xml version="1.0" encoding="UTF-8"?>
<!-- Generated by org.testng.reporters.JUnitReportReporter -->
<testsuite hostname="hp-PC" name="dcaCmsTests.NPI_SearchBySendDate" tests="1" failures="0" timestamp="24 Jan 2017 18:28:44 GMT" time="39.853" errors="0">
  <testcase name="searchBySendDate" time="39.853" classname="dcaCmsTests.NPI_SearchBySendDate"/>
</testsuite> <!-- dcaCmsTests.NPI_SearchBySendDate -->
