<?xml version="1.0" encoding="UTF-8"?>
<!-- Generated by org.testng.reporters.JUnitReportReporter -->
<testsuite hostname="hp-PC" name="dcaCmsTests.NPI_SortByEmailPhotoSend" tests="1" failures="0" timestamp="24 Jan 2017 18:28:44 GMT" time="39.370" errors="0">
  <testcase name="sortByEmailPhotoSend" time="39.370" classname="dcaCmsTests.NPI_SortByEmailPhotoSend"/>
</testsuite> <!-- dcaCmsTests.NPI_SortByEmailPhotoSend -->
