<?xml version="1.0" encoding="UTF-8"?>
<!-- Generated by org.testng.reporters.JUnitReportReporter -->
<testsuite hostname="hp-PC" name="dcaCmsTests.NPI_SearchByLongitude" tests="1" failures="0" timestamp="24 Jan 2017 18:28:44 GMT" time="35.163" errors="0">
  <testcase name="searchByLongitude" time="35.163" classname="dcaCmsTests.NPI_SearchByLongitude"/>
</testsuite> <!-- dcaCmsTests.NPI_SearchByLongitude -->
