<?xml version="1.0" encoding="UTF-8"?>
<!-- Generated by org.testng.reporters.JUnitReportReporter -->
<testsuite hostname="hp-PC" name="dcaCmsTests.NPI_SearchByEmailPhotoSend" tests="1" failures="0" timestamp="24 Jan 2017 18:28:44 GMT" time="43.761" errors="0">
  <testcase name="searchByEmailPhotoSend" time="43.761" classname="dcaCmsTests.NPI_SearchByEmailPhotoSend"/>
</testsuite> <!-- dcaCmsTests.NPI_SearchByEmailPhotoSend -->
