<?xml version="1.0" encoding="UTF-8"?>
<!-- Generated by org.testng.reporters.JUnitReportReporter -->
<testsuite hostname="hp-PC" name="dcaCmsTests.NPI_SortByIsSynchronized" tests="1" failures="0" timestamp="24 Jan 2017 18:28:44 GMT" time="38.746" errors="0">
  <testcase name="sortByIsSynchronized" time="38.746" classname="dcaCmsTests.NPI_SortByIsSynchronized"/>
</testsuite> <!-- dcaCmsTests.NPI_SortByIsSynchronized -->
