<?xml version="1.0" encoding="UTF-8"?>
<!-- Generated by org.testng.reporters.JUnitReportReporter -->
<testsuite hostname="hp-PC" name="dcaCmsTests.NPI_SearchByIsSynchronized" tests="1" failures="0" timestamp="24 Jan 2017 18:28:44 GMT" time="45.812" errors="0">
  <testcase name="searchByIsSynchronized" time="45.812" classname="dcaCmsTests.NPI_SearchByIsSynchronized"/>
</testsuite> <!-- dcaCmsTests.NPI_SearchByIsSynchronized -->
