<?xml version="1.0" encoding="UTF-8"?>
<!-- Generated by org.testng.reporters.JUnitReportReporter -->
<testsuite hostname="hp-PC" name="dcaCmsTests.CountryAlias_PageSearch" tests="1" failures="0" timestamp="24 Jan 2017 18:28:44 GMT" time="34.690" errors="0">
  <testcase name="pageSearch" time="34.690" classname="dcaCmsTests.CountryAlias_PageSearch"/>
</testsuite> <!-- dcaCmsTests.CountryAlias_PageSearch -->
