<?xml version="1.0" encoding="UTF-8"?>
<!-- Generated by org.testng.reporters.JUnitReportReporter -->
<testsuite hostname="hp-PC" name="dcaCmsTests.LoginFunctionality" tests="2" failures="0" timestamp="24 Jan 2017 18:28:44 GMT" time="67.307" errors="0">
  <testcase name="loginTest" time="28.019" classname="dcaCmsTests.LoginFunctionality"/>
  <testcase name="loginTestInvalid" time="39.288" classname="dcaCmsTests.LoginFunctionality"/>
</testsuite> <!-- dcaCmsTests.LoginFunctionality -->
