<?xml version="1.0" encoding="UTF-8"?>
<!-- Generated by org.testng.reporters.JUnitReportReporter -->
<testsuite hostname="hp-PC" name="dcaCmsTests.NPI_SortBYLatitude" tests="1" failures="0" timestamp="24 Jan 2017 18:28:44 GMT" time="38.864" errors="0">
  <testcase name="sortByLatitude" time="38.864" classname="dcaCmsTests.NPI_SortBYLatitude"/>
</testsuite> <!-- dcaCmsTests.NPI_SortBYLatitude -->
