<?xml version="1.0" encoding="UTF-8"?>
<!-- Generated by org.testng.reporters.JUnitReportReporter -->
<testsuite hostname="hp-PC" name="dcaCmsTests.NPI_SortByDateImageTaken" tests="1" failures="0" timestamp="24 Jan 2017 18:28:44 GMT" time="38.499" errors="0">
  <testcase name="sortByDateImageTaken" time="38.499" classname="dcaCmsTests.NPI_SortByDateImageTaken"/>
</testsuite> <!-- dcaCmsTests.NPI_SortByDateImageTaken -->
