<?xml version="1.0" encoding="UTF-8"?>
<!-- Generated by org.testng.reporters.JUnitReportReporter -->
<testsuite hostname="hp-PC" name="dcaCmsTests.ExitFunctionality" tests="1" failures="0" timestamp="24 Jan 2017 18:28:44 GMT" time="28.957" errors="0">
  <testcase name="exitFunctionality" time="28.957" classname="dcaCmsTests.ExitFunctionality"/>
</testsuite> <!-- dcaCmsTests.ExitFunctionality -->
