<?xml version="1.0" encoding="UTF-8"?>
<!-- Generated by org.testng.reporters.JUnitReportReporter -->
<testsuite hostname="hp-PC" name="dcaCmsTests.NPI_SearchByComment" tests="1" failures="0" timestamp="24 Jan 2017 18:28:44 GMT" time="38.123" errors="0">
  <testcase name="SearchByComment" time="38.123" classname="dcaCmsTests.NPI_SearchByComment"/>
</testsuite> <!-- dcaCmsTests.NPI_SearchByComment -->
