<?xml version="1.0" encoding="UTF-8"?>
<!-- Generated by org.testng.reporters.JUnitReportReporter -->
<testsuite hostname="hp-PC" name="dcaCmsTests.NPI_SearchByCountryPhotoTaken" tests="1" failures="0" timestamp="24 Jan 2017 18:28:44 GMT" time="41.481" errors="0">
  <testcase name="searchByCountryPhotoTaken" time="41.481" classname="dcaCmsTests.NPI_SearchByCountryPhotoTaken"/>
</testsuite> <!-- dcaCmsTests.NPI_SearchByCountryPhotoTaken -->
