<?xml version="1.0" encoding="UTF-8"?>
<!-- Generated by org.testng.reporters.JUnitReportReporter -->
<testsuite hostname="hp-PC" name="dcaCmsTests.NPI_SearchByReceivedDate" tests="1" failures="0" timestamp="24 Jan 2017 18:28:44 GMT" time="41.905" errors="0">
  <testcase name="searchByReceivedDate" time="41.905" classname="dcaCmsTests.NPI_SearchByReceivedDate"/>
</testsuite> <!-- dcaCmsTests.NPI_SearchByReceivedDate -->
