<?xml version="1.0" encoding="UTF-8"?>
<!-- Generated by org.testng.reporters.JUnitReportReporter -->
<testsuite hostname="hp-PC" name="dcaCmsTests.NPI_SearchBySyncDate" tests="1" failures="0" timestamp="24 Jan 2017 18:28:44 GMT" time="40.116" errors="0">
  <testcase name="SearchBySyncDate" time="40.116" classname="dcaCmsTests.NPI_SearchBySyncDate"/>
</testsuite> <!-- dcaCmsTests.NPI_SearchBySyncDate -->
