<?xml version="1.0" encoding="UTF-8"?>
<!-- Generated by org.testng.reporters.JUnitReportReporter -->
<testsuite hostname="hp-PC" name="dcaCmsTests.CountryAlias_AddRow" tests="1" failures="0" timestamp="24 Jan 2017 18:28:44 GMT" time="41.119" errors="0">
  <testcase name="addRow" time="41.119" classname="dcaCmsTests.CountryAlias_AddRow"/>
</testsuite> <!-- dcaCmsTests.CountryAlias_AddRow -->
